[debug] [2025-01-03T14:34:26.856Z] ----------------------------------------------------------------------
[debug] [2025-01-03T14:34:26.860Z] Command:       C:\Program Files\nodejs\node.exe C:\Users\User\AppData\Roaming\npm\node_modules\firebase-tools\lib\bin\firebase.js init
[debug] [2025-01-03T14:34:26.861Z] CLI Version:   13.29.1
[debug] [2025-01-03T14:34:26.861Z] Platform:      win32
[debug] [2025-01-03T14:34:26.861Z] Node Version:  v20.10.0
[debug] [2025-01-03T14:34:26.862Z] Time:          Fri Jan 03 2025 20:04:26 GMT+0530 (India Standard Time)
[debug] [2025-01-03T14:34:26.863Z] ----------------------------------------------------------------------
[debug] 
[debug] [2025-01-03T14:34:26.879Z] >>> [apiv2][query] GET https://firebase-public.firebaseio.com/cli.json [none]
[debug] [2025-01-03T14:34:26.960Z] > command requires scopes: ["email","openid","https://www.googleapis.com/auth/cloudplatformprojects.readonly","https://www.googleapis.com/auth/firebase","https://www.googleapis.com/auth/cloud-platform"]
[debug] [2025-01-03T14:34:26.960Z] > authorizing via signed-in user (adarshahalder02@gmail.com)
[info] 
     ######## #### ########  ######## ########     ###     ######  ########
     ##        ##  ##     ## ##       ##     ##  ##   ##  ##       ##
     ######    ##  ########  ######   ########  #########  ######  ######
     ##        ##  ##    ##  ##       ##     ## ##     ##       ## ##
     ##       #### ##     ## ######## ########  ##     ##  ######  ########

You're about to initialize a Firebase project in this directory:

  D:\New folder\Zynth_v4_frontend2.0

[debug] [2025-01-03T14:34:27.717Z] <<< [apiv2][status] GET https://firebase-public.firebaseio.com/cli.json 200
[debug] [2025-01-03T14:34:27.718Z] <<< [apiv2][body] GET https://firebase-public.firebaseio.com/cli.json {"cloudBuildErrorAfter":1594252800000,"cloudBuildWarnAfter":1590019200000,"defaultNode10After":1594252800000,"minVersion":"3.0.5","node8DeploysDisabledAfter":1613390400000,"node8RuntimeDisabledAfter":1615809600000,"node8WarnAfter":1600128000000}
[info] 
=== Project Setup
[info] 
[info] First, let's associate this project directory with a Firebase project.
[info] You can create multiple project aliases by running firebase use --add, 
[info] but for now we'll just set up a default project.
[info] 
[info] i  If you want to create a project in a Google Cloud organization or folder, please use "firebase projects:create" instead, and return to this command when you've created the project. 
[debug] [2025-01-03T14:34:54.032Z] Checked if tokens are valid: false, expires at: 1735641200094
[debug] [2025-01-03T14:34:54.032Z] Checked if tokens are valid: false, expires at: 1735641200094
[debug] [2025-01-03T14:34:54.033Z] > refreshing access token with scopes: []
[debug] [2025-01-03T14:34:54.035Z] >>> [apiv2][query] POST https://www.googleapis.com/oauth2/v3/token [none]
[debug] [2025-01-03T14:34:54.035Z] >>> [apiv2][body] POST https://www.googleapis.com/oauth2/v3/token [omitted]
[debug] [2025-01-03T14:34:54.293Z] <<< [apiv2][status] POST https://www.googleapis.com/oauth2/v3/token 200
[debug] [2025-01-03T14:34:54.294Z] <<< [apiv2][body] POST https://www.googleapis.com/oauth2/v3/token [omitted]
[debug] [2025-01-03T14:34:54.314Z] >>> [apiv2][query] POST https://cloudresourcemanager.googleapis.com/v1/projects [none]
[debug] [2025-01-03T14:34:54.315Z] >>> [apiv2][body] POST https://cloudresourcemanager.googleapis.com/v1/projects {"projectId":"Zynthp","name":"zynthp"}
[debug] [2025-01-03T14:34:55.668Z] <<< [apiv2][status] POST https://cloudresourcemanager.googleapis.com/v1/projects 400
[debug] [2025-01-03T14:34:55.670Z] <<< [apiv2][body] POST https://cloudresourcemanager.googleapis.com/v1/projects {"error":{"code":400,"message":"field [project_id] has issue [project_id contains invalid characters]","status":"INVALID_ARGUMENT","details":[{"@type":"type.googleapis.com/google.rpc.BadRequest","fieldViolations":[{"field":"project_id","description":"project_id contains invalid characters"}]},{"@type":"type.googleapis.com/google.rpc.Help","links":[{"url":"https://cloud.google.com/resource-manager/reference/rest/v1/projects"}]}]}}
[debug] [2025-01-03T14:34:55.903Z] FirebaseError: Request to https://cloudresourcemanager.googleapis.com/v1/projects had HTTP Error: 400, field [project_id] has issue [project_id contains invalid characters]
    at responseToError (C:\Users\User\AppData\Roaming\npm\node_modules\firebase-tools\lib\responseToError.js:52:12)
    at RetryOperation._fn (C:\Users\User\AppData\Roaming\npm\node_modules\firebase-tools\lib\apiv2.js:312:77)
    at process.processTicksAndRejections (node:internal/process/task_queues:95:5)
[error] 
[error] Error: Failed to create project. See firebase-debug.log for more info.
[debug] [2025-01-03T14:35:37.820Z] ----------------------------------------------------------------------
[debug] [2025-01-03T14:35:37.825Z] Command:       C:\Program Files\nodejs\node.exe C:\Users\User\AppData\Roaming\npm\node_modules\firebase-tools\lib\bin\firebase.js init
[debug] [2025-01-03T14:35:37.826Z] CLI Version:   13.29.1
[debug] [2025-01-03T14:35:37.826Z] Platform:      win32
[debug] [2025-01-03T14:35:37.826Z] Node Version:  v20.10.0
[debug] [2025-01-03T14:35:37.826Z] Time:          Fri Jan 03 2025 20:05:37 GMT+0530 (India Standard Time)
[debug] [2025-01-03T14:35:37.827Z] ----------------------------------------------------------------------
[debug] 
[debug] [2025-01-03T14:35:37.837Z] > command requires scopes: ["email","openid","https://www.googleapis.com/auth/cloudplatformprojects.readonly","https://www.googleapis.com/auth/firebase","https://www.googleapis.com/auth/cloud-platform"]
[debug] [2025-01-03T14:35:37.837Z] > authorizing via signed-in user (adarshahalder02@gmail.com)
[info] 
     ######## #### ########  ######## ########     ###     ######  ########
     ##        ##  ##     ## ##       ##     ##  ##   ##  ##       ##
     ######    ##  ########  ######   ########  #########  ######  ######
     ##        ##  ##    ##  ##       ##     ## ##     ##       ## ##
     ##       #### ##     ## ######## ########  ##     ##  ######  ########

You're about to initialize a Firebase project in this directory:

  D:\New folder\Zynth_v4_frontend2.0

